<?xml version="1.0" encoding="UTF-8"?>

<mule xmlns:db="http://www.mulesoft.org/schema/mule/db"
	xmlns="http://www.mulesoft.org/schema/mule/core" xmlns:doc="http://www.mulesoft.org/schema/mule/documentation" xmlns:spring="http://www.springframework.org/schema/beans" version="EE-3.5.0" xmlns:xsi="http://www.w3.org/2001/XMLSchema-instance" xsi:schemaLocation="http://www.mulesoft.org/schema/mule/db http://www.mulesoft.org/schema/mule/db/current/mule-db.xsd
http://www.springframework.org/schema/beans http://www.springframework.org/schema/beans/spring-beans-current.xsd
http://www.mulesoft.org/schema/mule/core http://www.mulesoft.org/schema/mule/core/current/mule.xsd">

    <sub-flow name="insertUserDB" doc:name="insertUserDB">
        <db:insert config-ref="MySQL_Database_Instance" doc:name="Database">
            <db:dynamic-query><![CDATA[INSERT INTO `users`(id, username, name, email)
VALUES ('#[payload.id]', '#[payload.username]', '#[payload.name]', '#[payload.email]')]]></db:dynamic-query>
        </db:insert>
    </sub-flow>

</mule>
